Arguments: 
  /usr/local/Cellar/node/14.7.0/bin/node /usr/local/Cellar/yarn/1.22.4/libexec/bin/yarn.js add @rollup/plugin-replace

PATH: 
  /Users/seongto/google-cloud-sdk/bin:/Users/seongto/devs/flutter/bin:/Users/seongto/bin/miniconda3/bin:/Users/seongto/bin:/Users/seongto/google-cloud-sdk/bin:/Users/seongto/devs/flutter/bin:/Users/seongto/bin/miniconda3/bin:/Users/seongto/bin:/Users/seongto/google-cloud-sdk/bin:/Users/seongto/devs/flutter/bin:/Users/seongto/bin/miniconda3/bin:/Users/seongto/bin:/usr/local/bin:/usr/bin:/bin:/usr/sbin:/sbin:/Library/Apple/usr/bin

Yarn version: 
  1.22.4

Node version: 
  14.7.0

Platform: 
  darwin x64

Trace: 
  Error: https://registry.yarnpkg.com/@rollup%2fplugin-commonjs: Not found
      at Request.params.callback [as _callback] (/usr/local/Cellar/yarn/1.22.4/libexec/lib/cli.js:66987:18)
      at Request.self.callback (/usr/local/Cellar/yarn/1.22.4/libexec/lib/cli.js:140748:22)
      at Request.emit (events.js:314:20)
      at Request.<anonymous> (/usr/local/Cellar/yarn/1.22.4/libexec/lib/cli.js:141720:10)
      at Request.emit (events.js:314:20)
      at IncomingMessage.<anonymous> (/usr/local/Cellar/yarn/1.22.4/libexec/lib/cli.js:141642:12)
      at Object.onceWrapper (events.js:420:28)
      at IncomingMessage.emit (events.js:326:22)
      at endReadableNT (_stream_readable.js:1244:12)
      at processTicksAndRejections (internal/process/task_queues.js:80:21)

npm manifest: 
  {
    "name": "svelte-app",
    "version": "1.0.0",
    "scripts": {
      "build-dev": "rollup -c --environment BUILD:development",
      "build": "rollup -c --environment BUILD:production",
      "dev": "PORT=5000 rollup -c -w --environment BUILD:development",
      "dev-prod": "PORT=5000 rollup -c -w --environment BUILD:production",
      "deploy": "yarn build && aws s3 sync ./public s3://bucket",
      "deploy-dev": "yarn build-dev && aws s3 sync ./public s3://bucket-dev"
    },
    "devDependencies": {
      "@rollup/plugin-commonjs": "^12.0.0",
      "@rollup/plugin-node-resolve": "^8.0.0",
      "rollup": "^2.3.4",
      "rollup-plugin-livereload": "^1.0.0",
      "rollup-plugin-svelte": "^5.0.3",
      "rollup-plugin-terser": "^5.1.2",
      "svelte": "^3.0.0"
    },
    "dependencies": {
      "sirv-cli": "^1.0.0",
      "axios": "^0.19.2",
      "dotenv": "^8.2.0",
      "node-sass": "^4.14.1",
      "rollup-plugin-scss": "^2.5.0",
      "svelte-preprocess": "^3.7.4",
      "svelte-routing": "^1.4.2"
    }
  }

yarn manifest: 
  No manifest

Lockfile: 
  No lockfile
